<?xml version="1.0" encoding="UTF-8"?>
<!-- Generated by org.testng.reporters.JUnitReportReporter -->
<testsuite hostname="LAPTOP-QKHIEM9U" failures="0" tests="1" name="swagTestClass.Tc01VerifyaddtoCart" time="4.079" errors="0" timestamp="2022-11-13T13:11:47 IST" skipped="0">
  <testcase classname="swagTestClass.Tc01VerifyaddtoCart" name="Addtocartsingle" time="4.079"/>
  <system-out/>
</testsuite> <!-- swagTestClass.Tc01VerifyaddtoCart -->
